\BOOKMARK [0][-]{chapter*.1}{\376\377\000A\000B\000S\000T\000R\000A\000C\000T}{}% 1
\BOOKMARK [0][-]{chapter*.2}{\376\377\000D\000E\000D\000I\000C\000A\000T\000I\000O\000N}{}% 2
\BOOKMARK [0][-]{chapter*.3}{\376\377\000A\000C\000K\000N\000O\000W\000L\000E\000D\000G\000M\000E\000N\000T\000S}{}% 3
\BOOKMARK [0][-]{chapter*.4}{\376\377\000C\000O\000N\000T\000R\000I\000B\000U\000T\000O\000R\000S\000\040\000A\000N\000D\000\040\000F\000U\000N\000D\000I\000N\000G\000\040\000S\000O\000U\000R\000C\000E\000S}{}% 4
\BOOKMARK [0][-]{chapter*.5}{\376\377\000N\000O\000M\000E\000N\000C\000L\000A\000T\000U\000R\000E}{}% 5
\BOOKMARK [0][-]{section*.6}{\376\377\000T\000A\000B\000L\000E\000\040\000O\000F\000\040\000C\000O\000N\000T\000E\000N\000T\000S}{}% 6
\BOOKMARK [0][-]{section*.7}{\376\377\000L\000I\000S\000T\000\040\000O\000F\000\040\000F\000I\000G\000U\000R\000E\000S}{}% 7
\BOOKMARK [0][-]{section*.8}{\376\377\000L\000I\000S\000T\000\040\000O\000F\000\040\000T\000A\000B\000L\000E\000S}{}% 8
\BOOKMARK [0][-]{chapter.1}{\376\377\000I\000n\000t\000r\000o\000d\000u\000c\000t\000i\000o\000n\000\040\000a\000n\000d\000\040\000L\000i\000t\000e\000r\000a\000t\000u\000r\000e\000\040\000R\000e\000v\000i\000e\000w}{}% 9
\BOOKMARK [1][-]{section.1.1}{\376\377\000A\000u\000t\000h\000o\000r\000'\000s\000\040\000M\000e\000s\000s\000a\000g\000e\000\040\000t\000o\000\040\000t\000h\000e\000\040\000S\000t\000u\000d\000e\000n\000t\000\040\000U\000s\000i\000n\000g\000\040\000T\000h\000i\000s\000\040\000T\000e\000m\000p\000l\000a\000t\000e\000\040\000F\000o\000r\000\040\000T\000h\000e\000i\000r\000\040\000T\000h\000e\000s\000i\000s\000\040\000o\000r\000\040\000D\000i\000s\000s\000e\000r\000t\000a\000t\000i\000o\000n}{chapter.1}% 10
\BOOKMARK [2][-]{subsection.1.1.1}{\376\377\000B\000r\000i\000e\000f\000\040\000U\000s\000a\000g\000e\000\040\000o\000f\000\040\000t\000h\000e\000\040\000T\000e\000m\000p\000l\000a\000t\000e}{section.1.1}% 11
\BOOKMARK [2][-]{subsection.1.1.2}{\376\377\000H\000o\000w\000\040\000t\000o\000\040\000F\000i\000l\000l\000\040\000T\000h\000i\000s\000\040\000D\000o\000c\000u\000m\000e\000n\000t}{section.1.1}% 12
\BOOKMARK [2][-]{subsection.1.1.3}{\376\377\000R\000e\000f\000e\000r\000e\000n\000c\000e\000\040\000U\000s\000a\000g\000e\000\040\000a\000n\000d\000\040\000E\000x\000a\000m\000p\000l\000e}{section.1.1}% 13
\BOOKMARK [2][-]{subsection.1.1.4}{\376\377\000E\000q\000u\000a\000t\000i\000o\000n\000s\000,\000\040\000F\000o\000r\000m\000u\000l\000a\000s\000,\000\040\000a\000n\000d\000\040\000O\000t\000h\000e\000r\000\040\000R\000e\000a\000l\000l\000y\000\040\000C\000o\000o\000l\000\040\000M\000a\000t\000h\000\040\000T\000h\000i\000n\000g\000s\000\040\000T\000h\000a\000t\000\040\000L\000a\000T\000e\000X\000\040\000\040\000C\000a\000n\000\040\000D\000o}{section.1.1}% 14
\BOOKMARK [2][-]{subsection.1.1.5}{\376\377\000A\000\040\000T\000e\000s\000t\000\040\000S\000e\000c\000t\000i\000o\000n}{section.1.1}% 15
\BOOKMARK [1][-]{section.1.2}{\376\377\000S\000p\000e\000c\000i\000f\000i\000c\000a\000t\000i\000o\000n\000s\000\040\000i\000n\000\040\000T\000h\000i\000s\000\040\000T\000A\000M\000U\000\040\000L\000a\000T\000e\000X\000\040\000\040\000T\000e\000m\000p\000l\000a\000t\000e}{chapter.1}% 16
\BOOKMARK [2][-]{subsection.1.2.1}{\376\377\000A\000n\000o\000t\000h\000e\000r\000\040\000T\000e\000s\000t\000\040\000S\000e\000c\000t\000i\000o\000n}{section.1.2}% 17
\BOOKMARK [3][-]{subsubsection.1.2.1.1}{\376\377\000T\000e\000s\000t}{subsection.1.2.1}% 18
\BOOKMARK [3][-]{subsubsection.1.2.1.2}{\376\377\000T\000e\000s\000t\000\040\0002}{subsection.1.2.1}% 19
\BOOKMARK [2][-]{subsection.1.2.2}{\376\377\000Y\000e\000t\000\040\000A\000n\000o\000t\000h\000e\000r\000\040\000O\000n\000e}{section.1.2}% 20
\BOOKMARK [2][-]{subsection.1.2.3}{\376\377\000N\000o\000\040\000S\000u\000r\000p\000r\000i\000s\000e\000s\000\040\000H\000e\000r\000e}{section.1.2}% 21
\BOOKMARK [0][-]{chapter.2}{\376\377\000P\000A\000G\000E\000S\000\040\000W\000I\000T\000H\000\040\000A\000\040\000F\000I\000G\000U\000R\000E\000,\000\040\000A\000\040\000T\000A\000B\000L\000E\000\040\000A\000N\000D\000\040\000A\000N\000\040\000E\000Q\000U\000A\000T\000I\000O\000N}{}% 22
\BOOKMARK [1][-]{section.2.1}{\376\377\000F\000i\000g\000u\000r\000e\000s\000:\000\040\000P\000l\000a\000c\000e\000m\000e\000n\000t\000,\000\040\000S\000i\000z\000e\000,\000\040\000a\000n\000d\000\040\000C\000a\000p\000t\000i\000o\000n\000s}{chapter.2}% 23
\BOOKMARK [1][-]{section.2.2}{\376\377\000T\000a\000b\000l\000e\000\040\000P\000l\000a\000c\000e\000m\000e\000n\000t\000,\000\040\000S\000i\000z\000e\000\040\000a\000n\000d\000\040\000T\000a\000b\000l\000e\000\040\000T\000i\000t\000l\000e}{chapter.2}% 24
\BOOKMARK [1][-]{section.2.3}{\376\377\000E\000q\000u\000a\000t\000i\000o\000n\000s}{chapter.2}% 25
\BOOKMARK [1][-]{section.2.4}{\376\377\000T\000h\000e\000o\000r\000e\000m\000s\000\040\000a\000n\000d\000\040\000P\000r\000o\000o\000f\000s\000:\000\040\000E\000x\000a\000m\000p\000l\000e\000s}{chapter.2}% 26
\BOOKMARK [1][-]{section.2.5}{\376\377\000A\000n\000o\000t\000h\000e\000r\000\040\000T\000a\000b\000l\000e\000\040\000E\000x\000a\000m\000p\000l\000e}{chapter.2}% 27
\BOOKMARK [0][-]{chapter.3}{\376\377\000V\000E\000R\000Y\000,\000\040\000V\000E\000R\000Y\000,\000\040\000V\000E\000R\000Y\000\040\000L\000O\000N\000G\000\040\000T\000I\000T\000L\000E\000\040\000T\000H\000A\000T\000\040\000F\000L\000O\000W\000S\000\040\000I\000N\000T\000O\000\040\000A\000\040\000S\000E\000C\000O\000N\000D\000\040\000L\000I\000N\000E\000\040\000F\000O\000R\000\040\000T\000H\000E\000\040\000S\000A\000K\000E\000\040\000O\000F\000\040\000E\000X\000A\000M\000P\000L\000E}{}% 28
\BOOKMARK [1][-]{section.3.1}{\376\377\000Y\000e\000t\000\040\000A\000n\000o\000t\000h\000e\000r\000\040\000T\000a\000b\000l\000e}{chapter.3}% 29
\BOOKMARK [1][-]{section.3.2}{\376\377\000S\000e\000c\000t\000i\000o\000n\000\040\000T\000e\000s\000t\000\040\000E\000x\000a\000m\000p\000l\000e}{chapter.3}% 30
\BOOKMARK [2][-]{subsection.3.2.1}{\376\377\000F\000i\000l\000l\000e\000r\000,\000\040\000F\000i\000l\000l\000e\000r\000,\000\040\000F\000i\000l\000l\000e\000r}{section.3.2}% 31
\BOOKMARK [2][-]{subsection.3.2.2}{\376\377\000S\000u\000b\000s\000e\000c\000t\000i\000o\000n\000\040\000T\000e\000s\000t\000\040\000E\000x\000a\000m\000p\000l\000e}{section.3.2}% 32
\BOOKMARK [2][-]{subsection.3.2.3}{\376\377\000S\000u\000b\000s\000e\000c\000t\000i\000o\000n\000\040\000T\000e\000s\000t\000\040\000E\000x\000a\000m\000p\000l\000e\000\040\0002}{section.3.2}% 33
\BOOKMARK [2][-]{subsection.3.2.4}{\376\377\000S\000e\000c\000t\000i\000o\000n\000\040\000S\000u\000m\000m\000a\000r\000y}{section.3.2}% 34
\BOOKMARK [1][-]{section.3.3}{\376\377\000S\000e\000c\000t\000i\000o\000n\000\040\000T\000e\000s\000t\000\040\000E\000x\000a\000m\000p\000l\000e\000\040\0003}{chapter.3}% 35
\BOOKMARK [2][-]{subsection.3.3.1}{\376\377\000S\000u\000b\000s\000e\000c\000t\000i\000o\000n\000\040\000T\000e\000s\000t\000\040\0001}{section.3.3}% 36
\BOOKMARK [2][-]{subsection.3.3.2}{\376\377\000S\000u\000b\000s\000e\000c\000t\000i\000o\000n\000\040\000T\000e\000s\000t\000\040\0002}{section.3.3}% 37
\BOOKMARK [0][-]{chapter.4}{\376\377\000S\000U\000M\000M\000A\000R\000Y\000\040\000A\000N\000D\000\040\000C\000O\000N\000C\000L\000U\000S\000I\000O\000N\000S\000\040}{}% 38
\BOOKMARK [1][-]{section.4.1}{\376\377\000C\000h\000a\000l\000l\000e\000n\000g\000e\000s}{chapter.4}% 39
\BOOKMARK [1][-]{section.4.2}{\376\377\000F\000u\000r\000t\000h\000e\000r\000\040\000S\000t\000u\000d\000y}{chapter.4}% 40
\BOOKMARK [0][-]{section*.37}{\376\377\000R\000E\000F\000E\000R\000E\000N\000C\000E\000S}{}% 41
\BOOKMARK [0][-]{appendix.a.A}{\376\377\000A\000P\000P\000E\000N\000D\000I\000X\000\040\000F\000i\000r\000s\000t\000\040\000A\000p\000p\000e\000n\000d\000i\000x}{}% 42
\BOOKMARK [0][-]{appendix.a.B}{\376\377\000A\000P\000P\000E\000N\000D\000I\000X\000\040\000T\000h\000i\000s\000\040\000T\000i\000t\000l\000e\000\040\000I\000s\000\040\000M\000u\000c\000h\000\040\000L\000o\000n\000g\000e\000r\000\040\000T\000h\000a\000n\000\040\000T\000h\000e\000\040\000F\000i\000r\000s\000t\000\040\000a\000n\000d\000\040\000E\000x\000t\000e\000n\000d\000s\000\040\000A\000l\000l\000\040\000t\000h\000e\000\040\000W\000a\000y\000\040\000t\000o\000\040\000t\000h\000e\000\040\000N\000e\000x\000t\000\040\000L\000i\000n\000e}{}% 43
\BOOKMARK [1][-]{section.a.B.1}{\376\377\000A\000p\000p\000e\000n\000d\000i\000x\000\040\000S\000e\000c\000t\000i\000o\000n}{appendix.a.B}% 44
\BOOKMARK [1][-]{section.a.B.2}{\376\377\000S\000e\000c\000o\000n\000d\000\040\000A\000p\000p\000e\000n\000d\000i\000x\000\040\000S\000e\000c\000t\000i\000o\000n}{appendix.a.B}% 45
