This is pdfTeX, Version 3.141592653-2.6-1.40.24 (TeX Live 2022) (preloaded format=pdflatex 2023.2.21)  4 MAR 2023 21:40
entering extended mode
 restricted \write18 enabled.
 file:line:error style messages enabled.
 %&-line parsing enabled.
**VaughnDissertation.tex
(./VaughnDissertation.tex
LaTeX2e <2021-11-15> patch level 1
L3 programming layer <2022-02-24> (/usr/local/texlive/2022/texmf-dist/tex/latex/base/report.cls
Document Class: report 2021/10/04 v1.4n Standard LaTeX document class
(/usr/local/texlive/2022/texmf-dist/tex/latex/base/size12.clo
File: size12.clo 2021/10/04 v1.4n Standard LaTeX file (size option)
)
\c@part=\count185
\c@chapter=\count186
\c@section=\count187
\c@subsection=\count188
\c@subsubsection=\count189
\c@paragraph=\count190
\c@subparagraph=\count191
\c@figure=\count192
\c@table=\count193
\abovecaptionskip=\skip47
\belowcaptionskip=\skip48
\bibindent=\dimen138
) (./tamuconfig.sty
Package: tamuconfig 
 (/usr/local/texlive/2022/texmf-dist/tex/latex/geometry/geometry.sty
Package: geometry 2020/01/02 v5.9 Page Geometry
 (/usr/local/texlive/2022/texmf-dist/tex/latex/graphics/keyval.sty
Package: keyval 2014/10/28 v1.15 key=value parser (DPC)
\KV@toks@=\toks16
) (/usr/local/texlive/2022/texmf-dist/tex/generic/iftex/ifvtex.sty
Package: ifvtex 2019/10/25 v1.7 ifvtex legacy package. Use iftex instead.
 (/usr/local/texlive/2022/texmf-dist/tex/generic/iftex/iftex.sty
Package: iftex 2022/02/03 v1.0f TeX engine tests
))
\Gm@cnth=\count194
\Gm@cntv=\count195
\c@Gm@tempcnt=\count196
\Gm@bindingoffset=\dimen139
\Gm@wd@mp=\dimen140
\Gm@odd@mp=\dimen141
\Gm@even@mp=\dimen142
\Gm@layoutwidth=\dimen143
\Gm@layoutheight=\dimen144
\Gm@layouthoffset=\dimen145
\Gm@layoutvoffset=\dimen146
\Gm@dimlist=\toks17
) (/usr/local/texlive/2022/texmf-dist/tex/latex/setspace/setspace.sty
Package: setspace 2011/12/19 v6.7a set line spacing
) (/usr/local/texlive/2022/texmf-dist/tex/latex/tocloft/tocloft.sty
Package: tocloft 2017/08/31 v2.3i parameterised ToC, etc., typesetting
Package tocloft Info: The document has chapter divisions on input line 51.
\cftparskip=\skip49
\cftbeforetoctitleskip=\skip50
\cftaftertoctitleskip=\skip51
\cftbeforepartskip=\skip52
\cftpartnumwidth=\skip53
\cftpartindent=\skip54
\cftbeforechapskip=\skip55
\cftchapindent=\skip56
\cftchapnumwidth=\skip57
\cftbeforesecskip=\skip58
\cftsecindent=\skip59
\cftsecnumwidth=\skip60
\cftbeforesubsecskip=\skip61
\cftsubsecindent=\skip62
\cftsubsecnumwidth=\skip63
\cftbeforesubsubsecskip=\skip64
\cftsubsubsecindent=\skip65
\cftsubsubsecnumwidth=\skip66
\cftbeforeparaskip=\skip67
\cftparaindent=\skip68
\cftparanumwidth=\skip69
\cftbeforesubparaskip=\skip70
\cftsubparaindent=\skip71
\cftsubparanumwidth=\skip72
\cftbeforeloftitleskip=\skip73
\cftafterloftitleskip=\skip74
\cftbeforefigskip=\skip75
\cftfigindent=\skip76
\cftfignumwidth=\skip77
\c@lofdepth=\count197
\c@lotdepth=\count198
\cftbeforelottitleskip=\skip78
\cftafterlottitleskip=\skip79
\cftbeforetabskip=\skip80
\cfttabindent=\skip81
\cfttabnumwidth=\skip82
) (/usr/local/texlive/2022/texmf-dist/tex/latex/titlesec/titlesec.sty
Package: titlesec 2021/07/05 v2.14 Sectioning titles
\ttl@box=\box50
\beforetitleunit=\skip83
\aftertitleunit=\skip84
\ttl@plus=\dimen147
\ttl@minus=\dimen148
\ttl@toksa=\toks18
\titlewidth=\dimen149
\titlewidthlast=\dimen150
\titlewidthfirst=\dimen151
) (/usr/local/texlive/2022/texmf-dist/tex/latex/tools/indentfirst.sty
Package: indentfirst 1995/11/23 v1.03 Indent first paragraph (DPC)
) (/usr/local/texlive/2022/texmf-dist/tex/latex/etoolbox/etoolbox.sty
Package: etoolbox 2020/10/05 v2.5k e-TeX tools for LaTeX (JAW)
\etb@tempcnta=\count199
) (/usr/local/texlive/2022/texmf-dist/tex/latex/tocvsec2/tocvsec2.sty
Package: tocvsec2 2014/03/10 v1.3a variable ToC section entries
 (/usr/local/texlive/2022/texmf-dist/tex/latex/base/ifthen.sty
Package: ifthen 2020/11/24 v1.1c Standard LaTeX ifthen package (DPC)
)
\c@max@tocdepth=\count266
\c@max@secnumdepth=\count267
) (/usr/local/texlive/2022/texmf-dist/tex/latex/appendix/appendix.sty
Package: appendix 2020/02/08 v1.2c extra appendix facilities
\c@@pps=\count268
\c@@ppsavesec=\count269
\c@@ppsaveapp=\count270
) (/usr/local/texlive/2022/texmf-dist/tex/latex/graphics/rotating.sty
Package: rotating 2016/08/11 v2.16d rotated objects in LaTeX
 (/usr/local/texlive/2022/texmf-dist/tex/latex/graphics/graphicx.sty
Package: graphicx 2021/09/16 v1.2d Enhanced LaTeX Graphics (DPC,SPQR)
 (/usr/local/texlive/2022/texmf-dist/tex/latex/graphics/graphics.sty
Package: graphics 2021/03/04 v1.4d Standard LaTeX Graphics (DPC,SPQR)
 (/usr/local/texlive/2022/texmf-dist/tex/latex/graphics/trig.sty
Package: trig 2021/08/11 v1.11 sin cos tan (DPC)
) (/usr/local/texlive/2022/texmf-dist/tex/latex/graphics-cfg/graphics.cfg
File: graphics.cfg 2016/06/04 v1.11 sample graphics configuration
)
Package graphics Info: Driver file: pdftex.def on input line 107.
 (/usr/local/texlive/2022/texmf-dist/tex/latex/graphics-def/pdftex.def
File: pdftex.def 2020/10/05 v1.2a Graphics/color driver for pdftex
))
\Gin@req@height=\dimen152
\Gin@req@width=\dimen153
)
\c@r@tfl@t=\count271
\rotFPtop=\skip85
\rotFPbot=\skip86
\rot@float@box=\box51
\rot@mess@toks=\toks19
) (/usr/local/texlive/2022/texmf-dist/tex/latex/amsmath/amsmath.sty
Package: amsmath 2021/10/15 v2.17l AMS math features
\@mathmargin=\skip87

For additional information on amsmath, use the `?' option.
(/usr/local/texlive/2022/texmf-dist/tex/latex/amsmath/amstext.sty
Package: amstext 2021/08/26 v2.01 AMS text
 (/usr/local/texlive/2022/texmf-dist/tex/latex/amsmath/amsgen.sty
File: amsgen.sty 1999/11/30 v2.0 generic functions
\@emptytoks=\toks20
\ex@=\dimen154
)) (/usr/local/texlive/2022/texmf-dist/tex/latex/amsmath/amsbsy.sty
Package: amsbsy 1999/11/29 v1.2d Bold Symbols
\pmbraise@=\dimen155
) (/usr/local/texlive/2022/texmf-dist/tex/latex/amsmath/amsopn.sty
Package: amsopn 2021/08/26 v2.02 operator names
)
\inf@bad=\count272
LaTeX Info: Redefining \frac on input line 234.
\uproot@=\count273
\leftroot@=\count274
LaTeX Info: Redefining \overline on input line 399.
\classnum@=\count275
\DOTSCASE@=\count276
LaTeX Info: Redefining \ldots on input line 496.
LaTeX Info: Redefining \dots on input line 499.
LaTeX Info: Redefining \cdots on input line 620.
\Mathstrutbox@=\box52
\strutbox@=\box53
\big@size=\dimen156
LaTeX Font Info:    Redeclaring font encoding OML on input line 743.
LaTeX Font Info:    Redeclaring font encoding OMS on input line 744.
\macc@depth=\count277
\c@MaxMatrixCols=\count278
\dotsspace@=\muskip16
\c@parentequation=\count279
\dspbrk@lvl=\count280
\tag@help=\toks21
\row@=\count281
\column@=\count282
\maxfields@=\count283
\andhelp@=\toks22
\eqnshift@=\dimen157
\alignsep@=\dimen158
\tagshift@=\dimen159
\tagwidth@=\dimen160
\totwidth@=\dimen161
\lineht@=\dimen162
\@envbody=\toks23
\multlinegap=\skip88
\multlinetaggap=\skip89
\mathdisplay@stack=\toks24
LaTeX Info: Redefining \[ on input line 2938.
LaTeX Info: Redefining \] on input line 2939.
) (/usr/local/texlive/2022/texmf-dist/tex/latex/amscls/amsthm.sty
Package: amsthm 2020/05/29 v2.20.6
\thm@style=\toks25
\thm@bodyfont=\toks26
\thm@headfont=\toks27
\thm@notefont=\toks28
\thm@headpunct=\toks29
\thm@preskip=\skip90
\thm@postskip=\skip91
\thm@headsep=\skip92
\dth@everypar=\toks30
) (/usr/local/texlive/2022/texmf-dist/tex/latex/tools/afterpage.sty
Package: afterpage 2014/10/28 v1.08 After-Page Package (DPC)
\AP@output=\toks31
\AP@partial=\box54
\AP@footins=\box55
) (/usr/local/texlive/2022/texmf-dist/tex/latex/mdwtools/footnote.sty
Package: footnote 1997/01/28 1.13 Save footnotes around boxes
\fn@notes=\box56
\fn@width=\dimen163
) (/usr/local/texlive/2022/texmf-dist/tex/latex/tools/longtable.sty
Package: longtable 2021-09-01 v4.17 Multi-page Table package (DPC)
\LTleft=\skip93
\LTright=\skip94
\LTpre=\skip95
\LTpost=\skip96
\LTchunksize=\count284
\LTcapwidth=\dimen164
\LT@head=\box57
\LT@firsthead=\box58
\LT@foot=\box59
\LT@lastfoot=\box60
\LT@gbox=\box61
\LT@cols=\count285
\LT@rows=\count286
\c@LT@tables=\count287
\c@LT@chunks=\count288
\LT@p@ftn=\toks32
) (/usr/local/texlive/2022/texmf-dist/tex/latex/float/float.sty
Package: float 2001/11/08 v1.3d Float enhancements (AL)
\c@float@type=\count289
\float@exts=\toks33
\float@box=\box62
\@float@everytoks=\toks34
\@floatcapt=\box63
) (/usr/local/texlive/2022/texmf-dist/tex/latex/caption/caption.sty
Package: caption 2022/03/01 v3.6b Customizing captions (AR)
 (/usr/local/texlive/2022/texmf-dist/tex/latex/caption/caption3.sty
Package: caption3 2022/03/17 v2.3b caption3 kernel (AR)
\caption@tempdima=\dimen165
\captionmargin=\dimen166
\caption@leftmargin=\dimen167
\caption@rightmargin=\dimen168
\caption@width=\dimen169
\caption@indent=\dimen170
\caption@parindent=\dimen171
\caption@hangindent=\dimen172
Package caption Info: Standard document class detected.
)
\c@caption@flags=\count290
\c@continuedfloat=\count291
Package caption Info: float package is loaded.
Package caption Info: longtable package is loaded.
 (/usr/local/texlive/2022/texmf-dist/tex/latex/caption/ltcaption.sty
Package: ltcaption 2021/01/08 v1.4c longtable captions (AR)
)
Package caption Info: rotating package is loaded.
)) (/usr/local/texlive/2022/texmf-dist/tex/latex/psnfss/times.sty
Package: times 2020/03/25 PSNFSS-v9.3 (SPQR) 
) (/usr/local/texlive/2022/texmf-dist/tex/latex/base/fontenc.sty
Package: fontenc 2021/04/29 v2.0v Standard LaTeX package
LaTeX Font Info:    Trying to load font information for T1+ptm on input line 112.
 (/usr/local/texlive/2022/texmf-dist/tex/latex/psnfss/t1ptm.fd
File: t1ptm.fd 2001/06/04 font definitions for T1/ptm.
)) (/usr/local/texlive/2022/texmf-dist/tex/latex/hyperref/hyperref.sty
Package: hyperref 2022-02-21 v7.00n Hypertext links for LaTeX
 (/usr/local/texlive/2022/texmf-dist/tex/generic/ltxcmds/ltxcmds.sty
Package: ltxcmds 2020-05-10 v1.25 LaTeX kernel commands for general use (HO)
) (/usr/local/texlive/2022/texmf-dist/tex/generic/pdftexcmds/pdftexcmds.sty
Package: pdftexcmds 2020-06-27 v0.33 Utility functions of pdfTeX for LuaTeX (HO)
 (/usr/local/texlive/2022/texmf-dist/tex/generic/infwarerr/infwarerr.sty
Package: infwarerr 2019/12/03 v1.5 Providing info/warning/error messages (HO)
)
Package pdftexcmds Info: \pdf@primitive is available.
Package pdftexcmds Info: \pdf@ifprimitive is available.
Package pdftexcmds Info: \pdfdraftmode found.
) (/usr/local/texlive/2022/texmf-dist/tex/generic/kvsetkeys/kvsetkeys.sty
Package: kvsetkeys 2019/12/15 v1.18 Key value parser (HO)
) (/usr/local/texlive/2022/texmf-dist/tex/generic/kvdefinekeys/kvdefinekeys.sty
Package: kvdefinekeys 2019-12-19 v1.6 Define keys (HO)
) (/usr/local/texlive/2022/texmf-dist/tex/generic/pdfescape/pdfescape.sty
Package: pdfescape 2019/12/09 v1.15 Implements pdfTeX's escape features (HO)
) (/usr/local/texlive/2022/texmf-dist/tex/latex/hycolor/hycolor.sty
Package: hycolor 2020-01-27 v1.10 Color options for hyperref/bookmark (HO)
) (/usr/local/texlive/2022/texmf-dist/tex/latex/letltxmacro/letltxmacro.sty
Package: letltxmacro 2019/12/03 v1.6 Let assignment for LaTeX macros (HO)
) (/usr/local/texlive/2022/texmf-dist/tex/latex/auxhook/auxhook.sty
Package: auxhook 2019-12-17 v1.6 Hooks for auxiliary files (HO)
) (/usr/local/texlive/2022/texmf-dist/tex/latex/kvoptions/kvoptions.sty
Package: kvoptions 2020-10-07 v3.14 Key value format for package options (HO)
)
\@linkdim=\dimen173
\Hy@linkcounter=\count292
\Hy@pagecounter=\count293
 (/usr/local/texlive/2022/texmf-dist/tex/latex/hyperref/pd1enc.def
File: pd1enc.def 2022-02-21 v7.00n Hyperref: PDFDocEncoding definition (HO)
Now handling font encoding PD1 ...
... no UTF-8 mapping file for font encoding PD1
) (/usr/local/texlive/2022/texmf-dist/tex/generic/intcalc/intcalc.sty
Package: intcalc 2019/12/15 v1.3 Expandable calculations with integers (HO)
) (/usr/local/texlive/2022/texmf-dist/tex/generic/etexcmds/etexcmds.sty
Package: etexcmds 2019/12/15 v1.7 Avoid name clashes with e-TeX commands (HO)
)
\Hy@SavedSpaceFactor=\count294

(/usr/local/texlive/2022/texmf-dist/tex/latex/hyperref/puenc.def
File: puenc.def 2022-02-21 v7.00n Hyperref: PDF Unicode definition (HO)
Now handling font encoding PU ...
... no UTF-8 mapping file for font encoding PU
)
Package hyperref Info: Hyper figures OFF on input line 4137.
Package hyperref Info: Link nesting OFF on input line 4142.
Package hyperref Info: Hyper index ON on input line 4145.
Package hyperref Info: Plain pages OFF on input line 4152.
Package hyperref Info: Backreferencing OFF on input line 4157.
Package hyperref Info: Implicit mode ON; LaTeX internals redefined.
Package hyperref Info: Bookmarks ON on input line 4390.
\c@Hy@tempcnt=\count295
 (/usr/local/texlive/2022/texmf-dist/tex/latex/url/url.sty
\Urlmuskip=\muskip17
Package: url 2013/09/16  ver 3.4  Verb mode for urls, etc.
)
LaTeX Info: Redefining \url on input line 4749.
\XeTeXLinkMargin=\dimen174
 (/usr/local/texlive/2022/texmf-dist/tex/generic/bitset/bitset.sty
Package: bitset 2019/12/09 v1.3 Handle bit-vector datatype (HO)
 (/usr/local/texlive/2022/texmf-dist/tex/generic/bigintcalc/bigintcalc.sty
Package: bigintcalc 2019/12/15 v1.5 Expandable calculations on big integers (HO)
))
\Fld@menulength=\count296
\Field@Width=\dimen175
\Fld@charsize=\dimen176
Package hyperref Info: Hyper figures OFF on input line 6027.
Package hyperref Info: Link nesting OFF on input line 6032.
Package hyperref Info: Hyper index ON on input line 6035.
Package hyperref Info: backreferencing OFF on input line 6042.
Package hyperref Info: Link coloring OFF on input line 6047.
Package hyperref Info: Link coloring with OCG OFF on input line 6052.
Package hyperref Info: PDF/A mode OFF on input line 6057.
LaTeX Info: Redefining \ref on input line 6097.
LaTeX Info: Redefining \pageref on input line 6101.
 (/usr/local/texlive/2022/texmf-dist/tex/latex/base/atbegshi-ltx.sty
Package: atbegshi-ltx 2021/01/10 v1.0c Emulation of the original atbegshi
package with kernel methods
)
\Hy@abspage=\count297
\c@Item=\count298
\c@Hfootnote=\count299
)
Package hyperref Info: Driver (autodetected): hpdftex.
 (/usr/local/texlive/2022/texmf-dist/tex/latex/hyperref/hpdftex.def
File: hpdftex.def 2022-02-21 v7.00n Hyperref driver for pdfTeX
 (/usr/local/texlive/2022/texmf-dist/tex/latex/base/atveryend-ltx.sty
Package: atveryend-ltx 2020/08/19 v1.0a Emulation of the original atveryend package
with kernel methods
)
\Fld@listcount=\count300
\c@bookmark@seq@number=\count301
 (/usr/local/texlive/2022/texmf-dist/tex/latex/rerunfilecheck/rerunfilecheck.sty
Package: rerunfilecheck 2019/12/05 v1.9 Rerun checks for auxiliary files (HO)
 (/usr/local/texlive/2022/texmf-dist/tex/generic/uniquecounter/uniquecounter.sty
Package: uniquecounter 2019/12/15 v1.4 Provide unlimited unique counter (HO)
)
Package uniquecounter Info: New unique counter `rerunfilecheck' on input line 286.
)
\Hy@SectionHShift=\skip97
) (/usr/local/texlive/2022/texmf-dist/tex/latex/l3backend/l3backend-pdftex.def
File: l3backend-pdftex.def 2022-02-07 L3 backend support: PDF output (pdfTeX)
\l__color_backend_stack_int=\count302
\l__pdf_internal_box=\box64
) (./VaughnDissertation.aux (./data/titlepage.aux) (./data/abstract.aux) (./data/dedication.aux) (./data/acknowledgements.aux) (./data/contributors.aux) (./data/nomenclature.aux) (./data/lists.aux) (./data/section1.aux) (./data/section2.aux) (./data/section3.aux) (./data/section4.aux) (./data/appendices.aux))
\openout1 = `VaughnDissertation.aux'.

LaTeX Font Info:    Checking defaults for OML/cmm/m/it on input line 74.
LaTeX Font Info:    ... okay on input line 74.
LaTeX Font Info:    Checking defaults for OMS/cmsy/m/n on input line 74.
LaTeX Font Info:    ... okay on input line 74.
LaTeX Font Info:    Checking defaults for OT1/cmr/m/n on input line 74.
LaTeX Font Info:    ... okay on input line 74.
LaTeX Font Info:    Checking defaults for T1/cmr/m/n on input line 74.
LaTeX Font Info:    ... okay on input line 74.
LaTeX Font Info:    Checking defaults for TS1/cmr/m/n on input line 74.
LaTeX Font Info:    ... okay on input line 74.
LaTeX Font Info:    Checking defaults for OMX/cmex/m/n on input line 74.
LaTeX Font Info:    ... okay on input line 74.
LaTeX Font Info:    Checking defaults for U/cmr/m/n on input line 74.
LaTeX Font Info:    ... okay on input line 74.
LaTeX Font Info:    Checking defaults for PD1/pdf/m/n on input line 74.
LaTeX Font Info:    ... okay on input line 74.
LaTeX Font Info:    Checking defaults for PU/pdf/m/n on input line 74.
LaTeX Font Info:    ... okay on input line 74.

*geometry* driver: auto-detecting
*geometry* detected driver: pdftex
*geometry* verbose mode - [ preamble ] result:
* driver: pdftex
* paper: letterpaper
* layout: <same size as paper>
* layoutoffset:(h,v)=(0.0pt,0.0pt)
* modes: 
* h-part:(L,W,R)=(72.26999pt, 469.75502pt, 72.26999pt)
* v-part:(T,H,B)=(72.26999pt, 650.43001pt, 72.26999pt)
* \paperwidth=614.295pt
* \paperheight=794.96999pt
* \textwidth=469.75502pt
* \textheight=650.43001pt
* \oddsidemargin=0.0pt
* \evensidemargin=0.0pt
* \topmargin=-37.0pt
* \headheight=12.0pt
* \headsep=25.0pt
* \topskip=12.0pt
* \footskip=30.0pt
* \marginparwidth=44.0pt
* \marginparsep=10.0pt
* \columnsep=10.0pt
* \skip\footins=10.8pt plus 4.0pt minus 2.0pt
* \hoffset=0.0pt
* \voffset=0.0pt
* \mag=1000
* \@twocolumnfalse
* \@twosidefalse
* \@mparswitchfalse
* \@reversemarginfalse
* (1in=72.27pt=25.4mm, 1cm=28.453pt)

(/usr/local/texlive/2022/texmf-dist/tex/context/base/mkii/supp-pdf.mkii
[Loading MPS to PDF converter (version 2006.09.02).]
\scratchcounter=\count303
\scratchdimen=\dimen177
\scratchbox=\box65
\nofMPsegments=\count304
\nofMParguments=\count305
\everyMPshowfont=\toks35
\MPscratchCnt=\count306
\MPscratchDim=\dimen178
\MPnumerator=\count307
\makeMPintoPDFobject=\count308
\everyMPtoPDFconversion=\toks36
) (/usr/local/texlive/2022/texmf-dist/tex/latex/epstopdf-pkg/epstopdf-base.sty
Package: epstopdf-base 2020-01-24 v2.11 Base part for package epstopdf
Package epstopdf-base Info: Redefining graphics rule for `.eps' on input line 485.
 (/usr/local/texlive/2022/texmf-dist/tex/latex/latexconfig/epstopdf-sys.cfg
File: epstopdf-sys.cfg 2010/07/13 v1.3 Configuration of (r)epstopdf for TeX Live
))
Package caption Info: Begin \AtBeginDocument code.
Package caption Info: hyperref package is loaded.
Package caption Info: End \AtBeginDocument code.
Package hyperref Info: Link coloring OFF on input line 74.
 (/usr/local/texlive/2022/texmf-dist/tex/latex/hyperref/nameref.sty
Package: nameref 2021-04-02 v2.47 Cross-referencing by name of section
 (/usr/local/texlive/2022/texmf-dist/tex/latex/refcount/refcount.sty
Package: refcount 2019/12/15 v3.6 Data extraction from label references (HO)
) (/usr/local/texlive/2022/texmf-dist/tex/generic/gettitlestring/gettitlestring.sty
Package: gettitlestring 2019/12/15 v1.6 Cleanup title references (HO)
)
\c@section@level=\count309
)
LaTeX Info: Redefining \ref on input line 74.
LaTeX Info: Redefining \pageref on input line 74.
LaTeX Info: Redefining \nameref on input line 74.
 (./VaughnDissertation.out) (./VaughnDissertation.out)
\@outlinefile=\write3
\openout3 = `VaughnDissertation.out'.

\openout2 = `data/titlepage.aux'.

 (./data/titlepage.tex [1


{/usr/local/texlive/2022/texmf-var/fonts/map/pdftex/updmap/pdftex.map}])
\openout2 = `data/abstract.aux'.

 (./data/abstract.tex [2




])
\openout2 = `data/dedication.aux'.

 (./data/dedication.tex [3




])
\openout2 = `data/acknowledgements.aux'.

 (./data/acknowledgements.tex [4




])
\openout2 = `data/contributors.aux'.

 (./data/contributors.tex) [5




]
\openout2 = `data/nomenclature.aux'.

 (./data/nomenclature.tex
Underfull \hbox (badness 1072) in paragraph at lines 43--43
[]|\T1/ptm/m/n/12 Space of ab-so-lutely Lebesgue in-te-grable func-tions; i.e.,
 []

[6




] [7])
\openout2 = `data/lists.aux'.

 (./data/lists.tex (./VaughnDissertation.toc [8



])
\tf@toc=\write4
\openout4 = `VaughnDissertation.toc'.

 [9] (./VaughnDissertation.lof [10])
\tf@lof=\write5
\openout5 = `VaughnDissertation.lof'.

 [11] (./VaughnDissertation.lot)
\tf@lot=\write6
\openout6 = `VaughnDissertation.lot'.

 [12])
\openout2 = `data/section1.aux'.

 (./data/section1.tex
Chapter 1.

Package hyperref Warning: Token not allowed in a PDF string (Unicode):
(hyperref)                removing `\uppercase' on input line 22.


Overfull \hbox (35.83737pt too wide) in paragraph at lines 28--29
\T1/ptm/m/n/12 you are stuck, don't be afraid to Google your is-sue, or you can con-tact Over-leaf at wel-come@overleaf.com.
 []


pdfTeX warning (ext4): destination with the same identifier (name{page.1}) has been already used, duplicate ignored
<to be read again> 
                   \relax 
l.49 	\item I
             n TeXstudio, go to the Tools menu, then select Commands, and cl... [1




]
LaTeX Font Info:    Trying to load font information for TS1+ptm on input line 49.
 (/usr/local/texlive/2022/texmf-dist/tex/latex/psnfss/ts1ptm.fd
File: ts1ptm.fd 2001/06/04 font definitions for TS1/ptm.
) [2]
<./graphic//Haskell1.jpg, id=398, 1255.69125pt x 900.36375pt>
File: ./graphic//Haskell1.jpg Graphic file (type jpg)
<use ./graphic//Haskell1.jpg>
Package pdftex.def Info: ./graphic//Haskell1.jpg  used on input line 95.
(pdftex.def)             Requested size: 326.47203pt x 234.08905pt.
 [3]
<./graphic//DOSBox1.jpg, id=405, 493.0922pt x 331.99031pt>
File: ./graphic//DOSBox1.jpg Graphic file (type jpg)
<use ./graphic//DOSBox1.jpg>
Package pdftex.def Info: ./graphic//DOSBox1.jpg  used on input line 103.
(pdftex.def)             Requested size: 271.20154pt x 182.59523pt.
LaTeX Font Info:    Trying to load font information for T1+pcr on input line 109.
 (/usr/local/texlive/2022/texmf-dist/tex/latex/psnfss/t1pcr.fd
File: t1pcr.fd 2001/06/04 font definitions for T1/pcr.
)
Overfull \hbox (3.69725pt too wide) in paragraph at lines 109--110
\T1/ptm/m/n/12 spe-cific for-mat-ting. Ques-tions spe-cific to L[]T[]X should be di-rected to \T1/pcr/m/n/12 welcome@overleaf.com\T1/ptm/m/n/12 . 
 []

[4 <./graphic//Haskell1.jpg>]
<./graphic//Footnote.png, id=411, 604.50844pt x 142.28156pt>
File: ./graphic//Footnote.png Graphic file (type png)
<use ./graphic//Footnote.png>
Package pdftex.def Info: ./graphic//Footnote.png  used on input line 115.
(pdftex.def)             Requested size: 392.92583pt x 92.4819pt.
 [5 <./graphic//DOSBox1.jpg> <./graphic//Footnote.png>]
<./graphic//Mint_XFCE.png, id=418, 1330.9725pt x 911.405pt>
File: ./graphic//Mint_XFCE.png Graphic file (type png)
<use ./graphic//Mint_XFCE.png>
Package pdftex.def Info: ./graphic//Mint_XFCE.png  used on input line 137.
(pdftex.def)             Requested size: 307.14749pt x 210.31409pt.
<./graphic//TOC2.png, id=419, 399.74344pt x 353.06906pt>
File: ./graphic//TOC2.png Graphic file (type png)
<use ./graphic//TOC2.png>
Package pdftex.def Info: ./graphic//TOC2.png  used on input line 145.
(pdftex.def)             Requested size: 179.88287pt x 158.87961pt.
 [6 <./graphic//Mint_XFCE.png>]
<./graphic//Rachl3.png, id=425, 496.10344pt x 662.475pt>
File: ./graphic//Rachl3.png Graphic file (type png)
<use ./graphic//Rachl3.png>
Package pdftex.def Info: ./graphic//Rachl3.png  used on input line 154.
(pdftex.def)             Requested size: 271.0125pt x 361.89589pt.
 [7 <./graphic//TOC2.png>]) [8 <./graphic//Rachl3.png>]
\openout2 = `data/section2.aux'.

 (./data/section2.tex
Chapter 2.
<./graphic//TAMUthesis_CMD_windows.png, id=437, 308.65312pt x 389.20406pt>
File: ./graphic//TAMUthesis_CMD_windows.png Graphic file (type png)
<use ./graphic//TAMUthesis_CMD_windows.png>
Package pdftex.def Info: ./graphic//TAMUthesis_CMD_windows.png  used on input line 22.
(pdftex.def)             Requested size: 231.48926pt x 291.90233pt.
<./graphic//Desktop.png, id=438, 1072.75781pt x 611.28375pt>
File: ./graphic//Desktop.png Graphic file (type png)
<use ./graphic//Desktop.png>
Package pdftex.def Info: ./graphic//Desktop.png  used on input line 33.
(pdftex.def)             Requested size: 415.55249pt x 236.78606pt.
[9




 <./graphic//TAMUthesis_CMD_windows.png>]
<./graphic//UnemDiffACF.png, id=443, 789.70032pt x 498.36188pt>
File: ./graphic//UnemDiffACF.png Graphic file (type png)
<use ./graphic//UnemDiffACF.png>
Package pdftex.def Info: ./graphic//UnemDiffACF.png  used on input line 41.
(pdftex.def)             Requested size: 434.33652pt x 274.09987pt.
 [10 <./graphic//Desktop.png (PNG copy)>]
<./graphic//Terminal1.png, id=448, 682.55pt x 453.695pt>
File: ./graphic//Terminal1.png Graphic file (type png)
<use ./graphic//Terminal1.png>
Package pdftex.def Info: ./graphic//Terminal1.png  used on input line 52.
(pdftex.def)             Requested size: 343.28249pt x 228.18304pt.
 [11 <./graphic//UnemDiffACF.png>] [12 <./graphic//Terminal1.png>] [13]
\c@thm=\count310
 [14]

LaTeX Warning: `!h' float specifier changed to `!ht'.

[15]) [16]
\openout2 = `data/section3.aux'.

 (./data/section3.tex
Chapter 3.
[17




]
<./graphic//LowPass_Filter_Design.png, id=513, 922.94812pt x 339.51843pt>
File: ./graphic//LowPass_Filter_Design.png Graphic file (type png)
<use ./graphic//LowPass_Filter_Design.png>
Package pdftex.def Info: ./graphic//LowPass_Filter_Design.png  used on input line 57.
(pdftex.def)             Requested size: 433.62pt x 159.5115pt.
<./graphic//Workspace1.png, id=514, 963.6pt x 740.7675pt>
File: ./graphic//Workspace1.png Graphic file (type png)
<use ./graphic//Workspace1.png>
Package pdftex.def Info: ./graphic//Workspace1.png  used on input line 67.
(pdftex.def)             Requested size: 271.0125pt x 208.34035pt.


LaTeX Warning: `!h' float specifier changed to `!ht'.

<./graphic//Rachl1.png, id=515, 512.66531pt x 354.57469pt>
File: ./graphic//Rachl1.png Graphic file (type png)
<use ./graphic//Rachl1.png>
Package pdftex.def Info: ./graphic//Rachl1.png  used on input line 75.
(pdftex.def)             Requested size: 252.94499pt x 174.94421pt.
[18 <./graphic//LowPass_Filter_Design.png>] [19 <./graphic//Workspace1.png> <./graphic//Rachl1.png>]
<./graphic//TAM_Logo1.png, id=529, 501.875pt x 351.3125pt>
File: ./graphic//TAM_Logo1.png Graphic file (type png)
<use ./graphic//TAM_Logo1.png>
Package pdftex.def Info: ./graphic//TAM_Logo1.png  used on input line 87.
(pdftex.def)             Requested size: 426.59575pt x 298.61702pt.


LaTeX Warning: `!h' float specifier changed to `!ht'.

<./graphic//Filter1.png, id=530, 2409.0pt x 1150.2975pt>
File: ./graphic//Filter1.png Graphic file (type png)
<use ./graphic//Filter1.png>
Package pdftex.def Info: ./graphic//Filter1.png  used on input line 101.
(pdftex.def)             Requested size: 469.75499pt x 224.29834pt.

LaTeX Warning: `!h' float specifier changed to `!ht'.

[20 <./graphic//TAM_Logo1.png>] [21 <./graphic//Filter1.png (PNG copy)>]) [22]
\openout2 = `data/section4.aux'.

 (./data/section4.tex
Chapter 4.
<./graphic//GraphicDir.png, id=544, 370.38374pt x 185.94469pt>
File: ./graphic//GraphicDir.png Graphic file (type png)
<use ./graphic//GraphicDir.png>
Package pdftex.def Info: ./graphic//GraphicDir.png  used on input line 25.
(pdftex.def)             Requested size: 351.86255pt x 176.64642pt.
<./graphic//CustomPackage.png, id=545, 405.01312pt x 307.1475pt>
File: ./graphic//CustomPackage.png Graphic file (type png)
<use ./graphic//CustomPackage.png>
Package pdftex.def Info: ./graphic//CustomPackage.png  used on input line 33.
(pdftex.def)             Requested size: 384.76027pt x 291.78847pt.

LaTeX Warning: `!h' float specifier changed to `!ht'.

<./graphic//CartesianCoordinate.png, id=546, 410.13225pt x 402.90524pt>
File: ./graphic//CartesianCoordinate.png Graphic file (type png)
<use ./graphic//CartesianCoordinate.png>
Package pdftex.def Info: ./graphic//CartesianCoordinate.png  used on input line 41.
(pdftex.def)             Requested size: 348.61404pt x 342.47107pt.

LaTeX Warning: `!h' float specifier changed to `!ht'.

[23




 <./graphic//GraphicDir.png>]
<./graphic//CompileChange.png, id=552, 852.18375pt x 536.0025pt>
File: ./graphic//CompileChange.png Graphic file (type png)
<use ./graphic//CompileChange.png>
Package pdftex.def Info: ./graphic//CompileChange.png  used on input line 49.
(pdftex.def)             Requested size: 307.14749pt x 193.18976pt.


LaTeX Warning: `!h' float specifier changed to `!ht'.

[24 <./graphic//CustomPackage.png>] [25 <./graphic//CartesianCoordinate.png (PNG copy)>]
<./graphic//Changelog.png, id=564, 641.39626pt x 496.85625pt>
File: ./graphic//Changelog.png Graphic file (type png)
<use ./graphic//Changelog.png>
Package pdftex.def Info: ./graphic//Changelog.png  used on input line 57.
(pdftex.def)             Requested size: 348.70251pt x 270.12549pt.


LaTeX Warning: `!h' float specifier changed to `!ht'.

[26 <./graphic//CompileChange.png>] [27 <./graphic//Changelog.png>]) [28] (./VaughnDissertation.bbl) [29



]
\openout2 = `data/appendices.aux'.

 (./data/appendices.tex (./data/appendix1.tex
APPENDIX A.

Package hyperref Warning: Token not allowed in a PDF string (Unicode):
(hyperref)                removing `\uppercase' on input line 18.

<figures/Penguins.jpg, id=584, 401.5pt x 268.00125pt>
File: figures/Penguins.jpg Graphic file (type jpg)
<use figures/Penguins.jpg>
Package pdftex.def Info: figures/Penguins.jpg  used on input line 24.
(pdftex.def)             Requested size: 200.7495pt x 134.00029pt.
) (./data/appendix2.tex [30


 <./figures/Penguins.jpg>]
APPENDIX B.

Package hyperref Warning: Token not allowed in a PDF string (Unicode):
(hyperref)                removing `\uppercase' on input line 16.

File: figures/Penguins.jpg Graphic file (type jpg)
<use figures/Penguins.jpg>
Package pdftex.def Info: figures/Penguins.jpg  used on input line 22.
(pdftex.def)             Requested size: 200.7495pt x 134.00029pt.
[31

])) (./VaughnDissertation.aux (./data/titlepage.aux) (./data/abstract.aux) (./data/dedication.aux) (./data/acknowledgements.aux) (./data/contributors.aux) (./data/nomenclature.aux) (./data/lists.aux) (./data/section1.aux) (./data/section2.aux) (./data/section3.aux) (./data/section4.aux) (./data/appendices.aux))
Package rerunfilecheck Info: File `VaughnDissertation.out' has not changed.
(rerunfilecheck)             Checksum: 33337294A5A095334400832C594732F9;8681.
 ) 
Here is how much of TeX's memory you used:
 13321 strings out of 478268
 220444 string characters out of 5846347
 510398 words of memory out of 5000000
 31062 multiletter control sequences out of 15000+600000
 503087 words of font info for 70 fonts, out of 8000000 for 9000
 1141 hyphenation exceptions out of 8191
 85i,17n,90p,1921b,489s stack positions out of 10000i,1000n,20000p,200000b,200000s

pdfTeX warning (dest): name{Hfootnote.5} has been referenced but does not exist, replaced by a fixed one

{/usr/local/texlive/2022/texmf-dist/fonts/enc/dvips/base/8r.enc}</usr/local/texlive/2022/texmf-dist/fonts/type1/public/amsfonts/cm/cmbx12.pfb></usr/local/texlive/2022/texmf-dist/fonts/type1/public/amsfonts/cm/cmex10.pfb></usr/local/texlive/2022/texmf-dist/fonts/type1/public/amsfonts/cm/cmmi12.pfb></usr/local/texlive/2022/texmf-dist/fonts/type1/public/amsfonts/cm/cmmi8.pfb></usr/local/texlive/2022/texmf-dist/fonts/type1/public/amsfonts/cm/cmr12.pfb></usr/local/texlive/2022/texmf-dist/fonts/type1/public/amsfonts/cm/cmr8.pfb></usr/local/texlive/2022/texmf-dist/fonts/type1/public/amsfonts/cm/cmsy10.pfb></usr/local/texlive/2022/texmf-dist/fonts/type1/public/amsfonts/cm/cmsy8.pfb></usr/local/texlive/2022/texmf-dist/fonts/type1/urw/courier/ucrr8a.pfb></usr/local/texlive/2022/texmf-dist/fonts/type1/urw/times/utmb8a.pfb></usr/local/texlive/2022/texmf-dist/fonts/type1/urw/times/utmr8a.pfb></usr/local/texlive/2022/texmf-dist/fonts/type1/urw/times/utmri8a.pfb>
Output written on VaughnDissertation.pdf (43 pages, 2002081 bytes).
PDF statistics:
 684 PDF objects out of 1000 (max. 8388607)
 574 compressed objects within 6 object streams
 156 named destinations out of 1000 (max. 500000)
 466 words of extra memory for PDF output out of 10000 (max. 10000000)

